 Image aegis-paper-sandbox-pep:local Pulling 
 Image aegis-paper-sandbox-pep:local pull access denied for aegis-paper-sandbox-pep, repository does not exist or may require 'docker login' 
 Image aegis-paper-sandbox-pep:local Building 
#1 [internal] load local bake definitions
#1 reading from stdin 633B done
#1 DONE 0.0s

#2 [internal] load build definition from Dockerfile.sandbox-pep
#2 transferring dockerfile:
#2 transferring dockerfile: 710B done
#2 DONE 0.1s

#3 [internal] load metadata for docker.io/library/python:3.12-slim
#3 DONE 1.4s

#4 [internal] load .dockerignore
#4 transferring context: 887B done
#4 DONE 0.0s

#5 [1/5] FROM docker.io/library/python:3.12-slim@sha256:401f6e1a67dad31a1bd78e9ad22d0ee0a3b52154e6bd30e90be696bb6a3d7461
#5 resolve docker.io/library/python:3.12-slim@sha256:401f6e1a67dad31a1bd78e9ad22d0ee0a3b52154e6bd30e90be696bb6a3d7461 0.0s done
#5 CACHED

#6 [2/5] WORKDIR /app/paper_eval/aegis_action_sandbox
#6 DONE 0.1s

#7 [internal] load build context
#7 transferring context: 907.28MB 4.4s done
#7 DONE 4.6s

#8 [3/5] COPY paper_eval/aegis_action_sandbox/requirements.sandbox-pep.txt /tmp/requirements.sandbox-pep.txt
#8 DONE 1.7s

#9 [4/5] RUN pip install --no-cache-dir -r /tmp/requirements.sandbox-pep.txt
#9 2.428 Collecting PyYAML<7.0.0,>=6.0.0 (from -r /tmp/requirements.sandbox-pep.txt (line 1))
#9 2.513   Downloading pyyaml-6.0.3-cp312-cp312-manylinux2014_x86_64.manylinux_2_17_x86_64.manylinux_2_28_x86_64.whl.metadata (2.4 kB)
#9 2.528 Downloading pyyaml-6.0.3-cp312-cp312-manylinux2014_x86_64.manylinux_2_17_x86_64.manylinux_2_28_x86_64.whl (807 kB)
#9 2.572    ━━━━━━━━━━━━━━━━━━━━━━━━━━━━━━━━━━━━━━━━ 807.9/807.9 kB 32.0 MB/s eta 0:00:00
#9 2.582 Installing collected packages: PyYAML
#9 2.646 Successfully installed PyYAML-6.0.3
#9 2.646 WARNING: Running pip as the 'root' user can result in broken permissions and conflicting behaviour with the system package manager, possibly rendering your system unusable. It is recommended to use a virtual environment instead: https://pip.pypa.io/warnings/venv. Use the --root-user-action option if you know what you are doing and want to suppress this warning.
#9 2.781 
#9 2.781 [notice] A new release of pip is available: 25.0.1 -> 26.1.1
#9 2.781 [notice] To update, run: pip install --upgrade pip
#9 DONE 2.9s

#10 [5/5] COPY paper_eval/aegis_action_sandbox /app/paper_eval/aegis_action_sandbox
#10 DONE 3.2s

#11 exporting to image
#11 exporting layers
#11 exporting layers 9.1s done
#11 exporting manifest sha256:b769918607248bb09c157a5609935bc6c66a0eef3fac7f2d0eded1061503fef4 0.0s done
#11 exporting config sha256:460cea53bbf4c9b46382dd574a3c3329d0738e40f442238e6aed1ffe5fd18982 0.0s done
#11 exporting attestation manifest sha256:97020f46a001cd111550d593fabf1d9059b43c3cde081ae1251e2a7bd70f78bb 0.0s done
#11 exporting manifest list sha256:c181923466edfe9e3afb5286fae884d7496ea1fb5619cfa402303c87f737ea18 0.0s done
#11 naming to docker.io/library/aegis-paper-sandbox-pep:local done
#11 unpacking to docker.io/library/aegis-paper-sandbox-pep:local
#11 unpacking to docker.io/library/aegis-paper-sandbox-pep:local 3.0s done
#11 DONE 12.2s

#12 resolving provenance for metadata file
#12 DONE 0.0s
 Image aegis-paper-sandbox-pep:local Built 
 Container aegis_action_sandbox-aegis-paper-sandbox-pep-run-62158b67d415 Creating 
 Container aegis_action_sandbox-aegis-paper-sandbox-pep-run-62158b67d415 Created 
{
  "manifest_path": "outputs_island/stubbed_one_run_20260519T044813Z/run_manifest.json",
  "normalized_csv": "outputs_island/stubbed_one_run_20260519T044813Z/matrix_records.csv",
  "output_dir": "outputs_island/stubbed_one_run_20260519T044813Z",
  "raw_jsonl": "outputs_island/stubbed_one_run_20260519T044813Z/matrix_records.jsonl",
  "row_count": 126,
  "run_errors": [],
  "summary_md": "outputs_island/stubbed_one_run_20260519T044813Z/SUMMARY.md",
  "timing_csv": "outputs_island/stubbed_one_run_20260519T044813Z/timing_records.csv"
}
